


ARM Macro Assembler    Page 1 


    1 00000000         ;/******************************************************
                       ***********************
    2 00000000         ; * @file     startup_A31G22x.s
    3 00000000         ; * @purpose  CMSIS Cortex-M0+ Core Device Startup File 
                       for A31G22x
    4 00000000         ; * @author   AE Team, ABOV Semiconductor Co., Ltd.
    5 00000000         ; * @version  V0.0.1
    6 00000000         ; * @date     30. Jul. 2018
    7 00000000         ; *------- <<< Use Configuration Wizard in Context Menu 
                       >>> ------------------
    8 00000000         ; *
    9 00000000         ; * Copyright (C) 2008-2009 ARM Limited. All rights rese
                       rved.
   10 00000000         ; * ARM Limited (ARM) is supplying this software for use
                        with Cortex-M0 
   11 00000000         ; * processor based microcontrollers.  This file can be 
                       freely distributed 
   12 00000000         ; * within development tools that are supporting such AR
                       M based processors. 
   13 00000000         ; *
   14 00000000         ; * THIS SOFTWARE IS PROVIDED "AS IS".  NO WARRANTIES, W
                       HETHER EXPRESS, IMPLIED
   15 00000000         ; * OR STATUTORY, INCLUDING, BUT NOT LIMITED TO, IMPLIED
                        WARRANTIES OF
   16 00000000         ; * MERCHANTABILITY AND FITNESS FOR A PARTICULAR PURPOSE
                        APPLY TO THIS SOFTWARE.
   17 00000000         ; * ARM SHALL NOT, IN ANY CIRCUMSTANCES, BE LIABLE FOR S
                       PECIAL, INCIDENTAL, OR
   18 00000000         ; * CONSEQUENTIAL DAMAGES, FOR ANY REASON WHATSOEVER.
   19 00000000         ; *
   20 00000000         ; ******************************************************
                       ***********************/
   21 00000000         
   22 00000000         
   23 00000000         ; <h> Stack Configuration
   24 00000000         ;   <o> Stack Size (in Bytes) <0x0-0xFFFFFFFF:8>
   25 00000000         ; </h>
   26 00000000         
   27 00000000 00000400 
                       Stack_Size
                               EQU              0x00000400
   28 00000000         
   29 00000000                 AREA             STACK, NOINIT, READWRITE, ALIGN
=3
   30 00000000         Stack_Mem
                               SPACE            Stack_Size
   31 00000400         __initial_sp
   32 00000400         
   33 00000400         
   34 00000400         ; <h> Heap Configuration
   35 00000400         ;   <o>  Heap Size (in Bytes) <0x0-0xFFFFFFFF:8>
   36 00000400         ; </h>
   37 00000400         
   38 00000400 00000400 
                       Heap_Size
                               EQU              0x00000400
   39 00000400         
   40 00000400                 AREA             HEAP, NOINIT, READWRITE, ALIGN=
3



ARM Macro Assembler    Page 2 


   41 00000000         __heap_base
   42 00000000         Heap_Mem
                               SPACE            Heap_Size
   43 00000400         __heap_limit
   44 00000400         
   45 00000400         
   46 00000400                 PRESERVE8
   47 00000400                 THUMB
   48 00000400         
   49 00000400         
   50 00000400         ; Vector Table Mapped to Address 0 at Reset
   51 00000400         
   52 00000400                 AREA             RESET, DATA, READONLY
   53 00000000                 EXPORT           __Vectors
   54 00000000         
   55 00000000 00000000 
                       __Vectors
                               DCD              __initial_sp ; Top of Stack
   56 00000004 00000000        DCD              Reset_Handler ; Reset Handler
   57 00000008 00000000        DCD              NMI_Handler ; NMI Handler
   58 0000000C 00000000        DCD              HardFault_Handler ; Hard Fault 
                                                            Handler
   59 00000010 00000000        DCD              0           ; Reserved
   60 00000014 00000000        DCD              0           ; Reserved
   61 00000018 00000000        DCD              0           ; Reserved
   62 0000001C 00000000        DCD              0           ; Reserved
   63 00000020 00000000        DCD              0           ; Reserved
   64 00000024 00000000        DCD              0           ; Reserved
   65 00000028 00000000        DCD              0           ; Reserved
   66 0000002C 00000000        DCD              SVC_Handler ; SVCall Handler
   67 00000030 00000000        DCD              0           ; Reserved
   68 00000034 00000000        DCD              0           ; Reserved
   69 00000038 00000000        DCD              PendSV_Handler ; PendSV Handler
                                                            
   70 0000003C 00000000        DCD              SysTick_Handler 
                                                            ; SysTick Handler
   71 00000040         
   72 00000040         ; External Interrupts
   73 00000040 00000000        DCD              LVI_IRQHandler ; IRQ0
   74 00000044 00000000        DCD              SYSCLKFAIL_IRQHandler ; IRQ1
   75 00000048 00000000        DCD              WDT_IRQHandler ; IRQ2
   76 0000004C 00000000        DCD              GPIOAB_IRQHandler ; IRQ3
   77 00000050 00000000        DCD              GPIOCD_IRQHandler ; IRQ4
   78 00000054 00000000        DCD              GPIOE_IRQHandler ; IRQ5
   79 00000058 00000000        DCD              GPIOF_IRQHandler ; IRQ6
   80 0000005C 00000000        DCD              TIMER10_IRQHandler ; IRQ7
   81 00000060 00000000        DCD              TIMER11_IRQHandler ; IRQ8
   82 00000064 00000000        DCD              TIMER12_IRQHandler ; IRQ9
   83 00000068 00000000        DCD              I2C0_IRQHandler ; IRQ10
   84 0000006C 00000000        DCD              USART10_IRQHandler ; IRQ11
   85 00000070 00000000        DCD              WT_IRQHandler ; IRQ12
   86 00000074 00000000        DCD              TIMER30_IRQHandler ; IRQ13
   87 00000078 00000000        DCD              I2C1_IRQHandler ; IRQ14
   88 0000007C 00000000        DCD              TIMER20_IRQHandler ; IRQ15
   89 00000080 00000000        DCD              TIMER21_IRQHandler ; IRQ16
   90 00000084 00000000        DCD              USART11_IRQHandler ; IRQ17
   91 00000088 00000000        DCD              ADC_IRQHandler ; IRQ18
   92 0000008C 00000000        DCD              UART0_IRQHandler ; IRQ19
   93 00000090 00000000        DCD              UART1_IRQHandler ; IRQ20



ARM Macro Assembler    Page 3 


   94 00000094 00000000        DCD              TIMER13_IRQHandler ; IRQ21
   95 00000098 00000000        DCD              TIMER14_IRQHandler ; IRQ22
   96 0000009C 00000000        DCD              TIMER15_IRQHandler ; IRQ23
   97 000000A0 00000000        DCD              TIMER16_IRQHandler ; IRQ24
   98 000000A4 00000000        DCD              I2C2_SPI20_IRQHandler ; IRQ25
   99 000000A8 00000000        DCD              USART12_13_SPI21_IRQHandler 
                                                            ; IRQ26
  100 000000AC 00000000        DCD              DAC_IRQHandler ; IRQ27
  101 000000B0 00000000        DCD              TEMP_SENSOR_IRQHandler ; IRQ28
  102 000000B4 00000000        DCD              NULL_IRQHandler ; IRQ29
  103 000000B8 00000000        DCD              NULL_IRQHandler ; IRQ30
  104 000000BC 00000000        DCD              CMP_CRC_IRQHandler ; IRQ31
  105 000000C0         
  106 000000C0                 AREA             |.text|, CODE, READONLY
  107 00000000         
  108 00000000         ; Reset Handler
  109 00000000         Reset_Handler
                               PROC
  110 00000000                 EXPORT           Reset_Handler                  
 [WEAK]
  111 00000000                 IMPORT           __main
  112 00000000                 IMPORT           SystemInit
  113 00000000                 IMPORT           SystemCoreClockUpdate
  114 00000000 4808            LDR              R0, =SystemInit
  115 00000002 4780            BLX              R0
  116 00000004 4808            LDR              R0, =SystemCoreClockUpdate
  117 00000006 4780            BLX              R0
  118 00000008 4808            LDR              R0, =__main
  119 0000000A 4700            BX               R0
  120 0000000C                 ENDP
  121 0000000C         
  122 0000000C         ; Dummy Exception Handlers (infinite loops which can be 
                       modified)
  123 0000000C         NMI_Handler
                               PROC
  124 0000000C                 EXPORT           NMI_Handler                    
 [WEAK]
  125 0000000C E7FE            B                .
  126 0000000E                 ENDP
  127 0000000E         HardFault_Handler
                               PROC
  128 0000000E                 EXPORT           HardFault_Handler              
 [WEAK]
  129 0000000E E7FE            B                .
  130 00000010                 ENDP
  131 00000010         SVC_Handler
                               PROC
  132 00000010                 EXPORT           SVC_Handler                    
 [WEAK]
  133 00000010 E7FE            B                .
  134 00000012                 ENDP
  135 00000012         PendSV_Handler
                               PROC
  136 00000012                 EXPORT           PendSV_Handler                 
 [WEAK]
  137 00000012 E7FE            B                .
  138 00000014                 ENDP
  139 00000014         SysTick_Handler
                               PROC



ARM Macro Assembler    Page 4 


  140 00000014                 EXPORT           SysTick_Handler                
 [WEAK]
  141 00000014 E7FE            B                .
  142 00000016                 ENDP
  143 00000016         
  144 00000016         ; External Interrupt Handlers
  145 00000016         NULL_IRQHandler
                               PROC
  146 00000016                 EXPORT           LVI_IRQHandler                 
 [WEAK]
  147 00000016                 EXPORT           SYSCLKFAIL_IRQHandler          
 [WEAK]
  148 00000016                 EXPORT           WDT_IRQHandler                 
 [WEAK]
  149 00000016                 EXPORT           GPIOAB_IRQHandler              
 [WEAK]
  150 00000016                 EXPORT           GPIOCD_IRQHandler              
 [WEAK]
  151 00000016                 EXPORT           GPIOE_IRQHandler               
 [WEAK]
  152 00000016                 EXPORT           GPIOF_IRQHandler               
 [WEAK]
  153 00000016                 EXPORT           TIMER10_IRQHandler             
 [WEAK]
  154 00000016                 EXPORT           TIMER11_IRQHandler             
 [WEAK]
  155 00000016                 EXPORT           TIMER12_IRQHandler             
 [WEAK]
  156 00000016                 EXPORT           I2C0_IRQHandler                
 [WEAK]
  157 00000016                 EXPORT           USART10_IRQHandler             
 [WEAK]
  158 00000016                 EXPORT           WT_IRQHandler                  
 [WEAK]
  159 00000016                 EXPORT           TIMER30_IRQHandler             
 [WEAK]
  160 00000016                 EXPORT           I2C1_IRQHandler                
 [WEAK]
  161 00000016                 EXPORT           TIMER20_IRQHandler             
 [WEAK]
  162 00000016                 EXPORT           TIMER21_IRQHandler             
 [WEAK]
  163 00000016                 EXPORT           USART11_IRQHandler             
 [WEAK]
  164 00000016                 EXPORT           ADC_IRQHandler                 
 [WEAK]
  165 00000016                 EXPORT           UART0_IRQHandler               
 [WEAK]
  166 00000016                 EXPORT           UART1_IRQHandler               
 [WEAK]
  167 00000016                 EXPORT           TIMER13_IRQHandler             
 [WEAK]
  168 00000016                 EXPORT           TIMER14_IRQHandler             
 [WEAK]
  169 00000016                 EXPORT           TIMER15_IRQHandler             
 [WEAK]
  170 00000016                 EXPORT           TIMER16_IRQHandler             
 [WEAK]
  171 00000016                 EXPORT           I2C2_SPI20_IRQHandler          



ARM Macro Assembler    Page 5 


 [WEAK]
  172 00000016                 EXPORT           USART12_13_SPI21_IRQHandler    
 [WEAK]
  173 00000016                 EXPORT           DAC_IRQHandler                 
 [WEAK]
  174 00000016                 EXPORT           TEMP_SENSOR_IRQHandler         
 [WEAK]
  175 00000016                 EXPORT           CMP_CRC_IRQHandler             
 [WEAK]
  176 00000016         
  177 00000016         LVI_IRQHandler                       ; IRQ0
  178 00000016         SYSCLKFAIL_IRQHandler                ; IRQ1
  179 00000016         WDT_IRQHandler                       ; IRQ2
  180 00000016         GPIOAB_IRQHandler                    ; IRQ3
  181 00000016         GPIOCD_IRQHandler                    ; IRQ4
  182 00000016         GPIOE_IRQHandler                     ; IRQ5
  183 00000016         GPIOF_IRQHandler                     ; IRQ6
  184 00000016         TIMER10_IRQHandler                   ; IRQ7
  185 00000016         TIMER11_IRQHandler                   ; IRQ8
  186 00000016         TIMER12_IRQHandler                   ; IRQ9
  187 00000016         I2C0_IRQHandler                      ; IRQ10
  188 00000016         USART10_IRQHandler                   ; IRQ11
  189 00000016         WT_IRQHandler                        ; IRQ12
  190 00000016         TIMER30_IRQHandler                   ; IRQ13
  191 00000016         I2C1_IRQHandler                      ; IRQ14
  192 00000016         TIMER20_IRQHandler                   ; IRQ15
  193 00000016         TIMER21_IRQHandler                   ; IRQ16
  194 00000016         USART11_IRQHandler                   ; IRQ17
  195 00000016         ADC_IRQHandler                       ; IRQ18
  196 00000016         UART0_IRQHandler                     ; IRQ19
  197 00000016         UART1_IRQHandler                     ; IRQ20
  198 00000016         TIMER13_IRQHandler                   ; IRQ21
  199 00000016         TIMER14_IRQHandler                   ; IRQ22
  200 00000016         TIMER15_IRQHandler                   ; IRQ23
  201 00000016         TIMER16_IRQHandler                   ; IRQ24
  202 00000016         I2C2_SPI20_IRQHandler                ; IRQ25
  203 00000016         USART12_13_SPI21_IRQHandler          ; IRQ26
  204 00000016         DAC_IRQHandler                       ; IRQ27 
  205 00000016         TEMP_SENSOR_IRQHandler               ; IRQ28
  206 00000016         CMP_CRC_IRQHandler                   ; IRQ31
  207 00000016 E7FE            B                .
  208 00000018                 ENDP
  209 00000018         
  210 00000018                 ALIGN
  211 00000018         ; User Initial Stack & Heap
  212 00000018                 IF               :DEF:__MICROLIB
  219 00000018         
  220 00000018                 IMPORT           __use_two_region_memory
  221 00000018                 EXPORT           __user_initial_stackheap
  222 00000018         
  223 00000018         __user_initial_stackheap
  224 00000018 4805            LDR              R0, =  Heap_Mem
  225 0000001A 4906            LDR              R1, =(Stack_Mem + Stack_Size)
  226 0000001C 4A06            LDR              R2, = (Heap_Mem +  Heap_Size)
  227 0000001E 4B07            LDR              R3, = Stack_Mem
  228 00000020 4770            BX               LR
  229 00000022         
  230 00000022 00 00           ALIGN
  231 00000024         



ARM Macro Assembler    Page 6 


  232 00000024                 ENDIF
  233 00000024         
  234 00000024         
  235 00000024                 END
              00000000 
              00000000 
              00000000 
              00000000 
              00000400 
              00000400 
              00000000 
Command Line: --debug --xref --diag_suppress=9931 --cpu=Cortex-M0+ --apcs=inter
work --depend=.\objects\startup_a31g22x.d -o.\objects\startup_a31g22x.o -IC:\Us
ers\haatz\AppData\Local\Arm\Packs\ARM\CMSIS\5.8.0\Device\ARM\ARMCM0plus\Include
 --predefine="__EVAL SETA 1" --predefine="__UVISION_VERSION SETA 535" --predefi
ne="ARMCM0P SETA 1" --list=.\listings\startup_a31g22x.lst Device\ABOV\A31G22x\S
ource\ARM\startup_A31G22x.s



ARM Macro Assembler    Page 1 Alphabetic symbol ordering
Relocatable symbols

STACK 00000000

Symbol: STACK
   Definitions
      At line 29 in file Device\ABOV\A31G22x\Source\ARM\startup_A31G22x.s
   Uses
      None
Comment: STACK unused
Stack_Mem 00000000

Symbol: Stack_Mem
   Definitions
      At line 30 in file Device\ABOV\A31G22x\Source\ARM\startup_A31G22x.s
   Uses
      At line 225 in file Device\ABOV\A31G22x\Source\ARM\startup_A31G22x.s
      At line 227 in file Device\ABOV\A31G22x\Source\ARM\startup_A31G22x.s

__initial_sp 00000400

Symbol: __initial_sp
   Definitions
      At line 31 in file Device\ABOV\A31G22x\Source\ARM\startup_A31G22x.s
   Uses
      At line 55 in file Device\ABOV\A31G22x\Source\ARM\startup_A31G22x.s
Comment: __initial_sp used once
3 symbols



ARM Macro Assembler    Page 1 Alphabetic symbol ordering
Relocatable symbols

HEAP 00000000

Symbol: HEAP
   Definitions
      At line 40 in file Device\ABOV\A31G22x\Source\ARM\startup_A31G22x.s
   Uses
      None
Comment: HEAP unused
Heap_Mem 00000000

Symbol: Heap_Mem
   Definitions
      At line 42 in file Device\ABOV\A31G22x\Source\ARM\startup_A31G22x.s
   Uses
      At line 224 in file Device\ABOV\A31G22x\Source\ARM\startup_A31G22x.s
      At line 226 in file Device\ABOV\A31G22x\Source\ARM\startup_A31G22x.s

__heap_base 00000000

Symbol: __heap_base
   Definitions
      At line 41 in file Device\ABOV\A31G22x\Source\ARM\startup_A31G22x.s
   Uses
      None
Comment: __heap_base unused
__heap_limit 00000400

Symbol: __heap_limit
   Definitions
      At line 43 in file Device\ABOV\A31G22x\Source\ARM\startup_A31G22x.s
   Uses
      None
Comment: __heap_limit unused
4 symbols



ARM Macro Assembler    Page 1 Alphabetic symbol ordering
Relocatable symbols

RESET 00000000

Symbol: RESET
   Definitions
      At line 52 in file Device\ABOV\A31G22x\Source\ARM\startup_A31G22x.s
   Uses
      None
Comment: RESET unused
__Vectors 00000000

Symbol: __Vectors
   Definitions
      At line 55 in file Device\ABOV\A31G22x\Source\ARM\startup_A31G22x.s
   Uses
      At line 53 in file Device\ABOV\A31G22x\Source\ARM\startup_A31G22x.s
Comment: __Vectors used once
2 symbols



ARM Macro Assembler    Page 1 Alphabetic symbol ordering
Relocatable symbols

.text 00000000

Symbol: .text
   Definitions
      At line 106 in file Device\ABOV\A31G22x\Source\ARM\startup_A31G22x.s
   Uses
      None
Comment: .text unused
ADC_IRQHandler 00000016

Symbol: ADC_IRQHandler
   Definitions
      At line 195 in file Device\ABOV\A31G22x\Source\ARM\startup_A31G22x.s
   Uses
      At line 91 in file Device\ABOV\A31G22x\Source\ARM\startup_A31G22x.s
      At line 164 in file Device\ABOV\A31G22x\Source\ARM\startup_A31G22x.s

CMP_CRC_IRQHandler 00000016

Symbol: CMP_CRC_IRQHandler
   Definitions
      At line 206 in file Device\ABOV\A31G22x\Source\ARM\startup_A31G22x.s
   Uses
      At line 104 in file Device\ABOV\A31G22x\Source\ARM\startup_A31G22x.s
      At line 175 in file Device\ABOV\A31G22x\Source\ARM\startup_A31G22x.s

DAC_IRQHandler 00000016

Symbol: DAC_IRQHandler
   Definitions
      At line 204 in file Device\ABOV\A31G22x\Source\ARM\startup_A31G22x.s
   Uses
      At line 100 in file Device\ABOV\A31G22x\Source\ARM\startup_A31G22x.s
      At line 173 in file Device\ABOV\A31G22x\Source\ARM\startup_A31G22x.s

GPIOAB_IRQHandler 00000016

Symbol: GPIOAB_IRQHandler
   Definitions
      At line 180 in file Device\ABOV\A31G22x\Source\ARM\startup_A31G22x.s
   Uses
      At line 76 in file Device\ABOV\A31G22x\Source\ARM\startup_A31G22x.s
      At line 149 in file Device\ABOV\A31G22x\Source\ARM\startup_A31G22x.s

GPIOCD_IRQHandler 00000016

Symbol: GPIOCD_IRQHandler
   Definitions
      At line 181 in file Device\ABOV\A31G22x\Source\ARM\startup_A31G22x.s
   Uses
      At line 77 in file Device\ABOV\A31G22x\Source\ARM\startup_A31G22x.s
      At line 150 in file Device\ABOV\A31G22x\Source\ARM\startup_A31G22x.s

GPIOE_IRQHandler 00000016

Symbol: GPIOE_IRQHandler
   Definitions
      At line 182 in file Device\ABOV\A31G22x\Source\ARM\startup_A31G22x.s
   Uses



ARM Macro Assembler    Page 2 Alphabetic symbol ordering
Relocatable symbols

      At line 78 in file Device\ABOV\A31G22x\Source\ARM\startup_A31G22x.s
      At line 151 in file Device\ABOV\A31G22x\Source\ARM\startup_A31G22x.s

GPIOF_IRQHandler 00000016

Symbol: GPIOF_IRQHandler
   Definitions
      At line 183 in file Device\ABOV\A31G22x\Source\ARM\startup_A31G22x.s
   Uses
      At line 79 in file Device\ABOV\A31G22x\Source\ARM\startup_A31G22x.s
      At line 152 in file Device\ABOV\A31G22x\Source\ARM\startup_A31G22x.s

HardFault_Handler 0000000E

Symbol: HardFault_Handler
   Definitions
      At line 127 in file Device\ABOV\A31G22x\Source\ARM\startup_A31G22x.s
   Uses
      At line 58 in file Device\ABOV\A31G22x\Source\ARM\startup_A31G22x.s
      At line 128 in file Device\ABOV\A31G22x\Source\ARM\startup_A31G22x.s

I2C0_IRQHandler 00000016

Symbol: I2C0_IRQHandler
   Definitions
      At line 187 in file Device\ABOV\A31G22x\Source\ARM\startup_A31G22x.s
   Uses
      At line 83 in file Device\ABOV\A31G22x\Source\ARM\startup_A31G22x.s
      At line 156 in file Device\ABOV\A31G22x\Source\ARM\startup_A31G22x.s

I2C1_IRQHandler 00000016

Symbol: I2C1_IRQHandler
   Definitions
      At line 191 in file Device\ABOV\A31G22x\Source\ARM\startup_A31G22x.s
   Uses
      At line 87 in file Device\ABOV\A31G22x\Source\ARM\startup_A31G22x.s
      At line 160 in file Device\ABOV\A31G22x\Source\ARM\startup_A31G22x.s

I2C2_SPI20_IRQHandler 00000016

Symbol: I2C2_SPI20_IRQHandler
   Definitions
      At line 202 in file Device\ABOV\A31G22x\Source\ARM\startup_A31G22x.s
   Uses
      At line 98 in file Device\ABOV\A31G22x\Source\ARM\startup_A31G22x.s
      At line 171 in file Device\ABOV\A31G22x\Source\ARM\startup_A31G22x.s

LVI_IRQHandler 00000016

Symbol: LVI_IRQHandler
   Definitions
      At line 177 in file Device\ABOV\A31G22x\Source\ARM\startup_A31G22x.s
   Uses
      At line 73 in file Device\ABOV\A31G22x\Source\ARM\startup_A31G22x.s
      At line 146 in file Device\ABOV\A31G22x\Source\ARM\startup_A31G22x.s

NMI_Handler 0000000C




ARM Macro Assembler    Page 3 Alphabetic symbol ordering
Relocatable symbols

Symbol: NMI_Handler
   Definitions
      At line 123 in file Device\ABOV\A31G22x\Source\ARM\startup_A31G22x.s
   Uses
      At line 57 in file Device\ABOV\A31G22x\Source\ARM\startup_A31G22x.s
      At line 124 in file Device\ABOV\A31G22x\Source\ARM\startup_A31G22x.s

NULL_IRQHandler 00000016

Symbol: NULL_IRQHandler
   Definitions
      At line 145 in file Device\ABOV\A31G22x\Source\ARM\startup_A31G22x.s
   Uses
      At line 102 in file Device\ABOV\A31G22x\Source\ARM\startup_A31G22x.s
      At line 103 in file Device\ABOV\A31G22x\Source\ARM\startup_A31G22x.s

PendSV_Handler 00000012

Symbol: PendSV_Handler
   Definitions
      At line 135 in file Device\ABOV\A31G22x\Source\ARM\startup_A31G22x.s
   Uses
      At line 69 in file Device\ABOV\A31G22x\Source\ARM\startup_A31G22x.s
      At line 136 in file Device\ABOV\A31G22x\Source\ARM\startup_A31G22x.s

Reset_Handler 00000000

Symbol: Reset_Handler
   Definitions
      At line 109 in file Device\ABOV\A31G22x\Source\ARM\startup_A31G22x.s
   Uses
      At line 56 in file Device\ABOV\A31G22x\Source\ARM\startup_A31G22x.s
      At line 110 in file Device\ABOV\A31G22x\Source\ARM\startup_A31G22x.s

SVC_Handler 00000010

Symbol: SVC_Handler
   Definitions
      At line 131 in file Device\ABOV\A31G22x\Source\ARM\startup_A31G22x.s
   Uses
      At line 66 in file Device\ABOV\A31G22x\Source\ARM\startup_A31G22x.s
      At line 132 in file Device\ABOV\A31G22x\Source\ARM\startup_A31G22x.s

SYSCLKFAIL_IRQHandler 00000016

Symbol: SYSCLKFAIL_IRQHandler
   Definitions
      At line 178 in file Device\ABOV\A31G22x\Source\ARM\startup_A31G22x.s
   Uses
      At line 74 in file Device\ABOV\A31G22x\Source\ARM\startup_A31G22x.s
      At line 147 in file Device\ABOV\A31G22x\Source\ARM\startup_A31G22x.s

SysTick_Handler 00000014

Symbol: SysTick_Handler
   Definitions
      At line 139 in file Device\ABOV\A31G22x\Source\ARM\startup_A31G22x.s
   Uses
      At line 70 in file Device\ABOV\A31G22x\Source\ARM\startup_A31G22x.s



ARM Macro Assembler    Page 4 Alphabetic symbol ordering
Relocatable symbols

      At line 140 in file Device\ABOV\A31G22x\Source\ARM\startup_A31G22x.s

TEMP_SENSOR_IRQHandler 00000016

Symbol: TEMP_SENSOR_IRQHandler
   Definitions
      At line 205 in file Device\ABOV\A31G22x\Source\ARM\startup_A31G22x.s
   Uses
      At line 101 in file Device\ABOV\A31G22x\Source\ARM\startup_A31G22x.s
      At line 174 in file Device\ABOV\A31G22x\Source\ARM\startup_A31G22x.s

TIMER10_IRQHandler 00000016

Symbol: TIMER10_IRQHandler
   Definitions
      At line 184 in file Device\ABOV\A31G22x\Source\ARM\startup_A31G22x.s
   Uses
      At line 80 in file Device\ABOV\A31G22x\Source\ARM\startup_A31G22x.s
      At line 153 in file Device\ABOV\A31G22x\Source\ARM\startup_A31G22x.s

TIMER11_IRQHandler 00000016

Symbol: TIMER11_IRQHandler
   Definitions
      At line 185 in file Device\ABOV\A31G22x\Source\ARM\startup_A31G22x.s
   Uses
      At line 81 in file Device\ABOV\A31G22x\Source\ARM\startup_A31G22x.s
      At line 154 in file Device\ABOV\A31G22x\Source\ARM\startup_A31G22x.s

TIMER12_IRQHandler 00000016

Symbol: TIMER12_IRQHandler
   Definitions
      At line 186 in file Device\ABOV\A31G22x\Source\ARM\startup_A31G22x.s
   Uses
      At line 82 in file Device\ABOV\A31G22x\Source\ARM\startup_A31G22x.s
      At line 155 in file Device\ABOV\A31G22x\Source\ARM\startup_A31G22x.s

TIMER13_IRQHandler 00000016

Symbol: TIMER13_IRQHandler
   Definitions
      At line 198 in file Device\ABOV\A31G22x\Source\ARM\startup_A31G22x.s
   Uses
      At line 94 in file Device\ABOV\A31G22x\Source\ARM\startup_A31G22x.s
      At line 167 in file Device\ABOV\A31G22x\Source\ARM\startup_A31G22x.s

TIMER14_IRQHandler 00000016

Symbol: TIMER14_IRQHandler
   Definitions
      At line 199 in file Device\ABOV\A31G22x\Source\ARM\startup_A31G22x.s
   Uses
      At line 95 in file Device\ABOV\A31G22x\Source\ARM\startup_A31G22x.s
      At line 168 in file Device\ABOV\A31G22x\Source\ARM\startup_A31G22x.s

TIMER15_IRQHandler 00000016

Symbol: TIMER15_IRQHandler



ARM Macro Assembler    Page 5 Alphabetic symbol ordering
Relocatable symbols

   Definitions
      At line 200 in file Device\ABOV\A31G22x\Source\ARM\startup_A31G22x.s
   Uses
      At line 96 in file Device\ABOV\A31G22x\Source\ARM\startup_A31G22x.s
      At line 169 in file Device\ABOV\A31G22x\Source\ARM\startup_A31G22x.s

TIMER16_IRQHandler 00000016

Symbol: TIMER16_IRQHandler
   Definitions
      At line 201 in file Device\ABOV\A31G22x\Source\ARM\startup_A31G22x.s
   Uses
      At line 97 in file Device\ABOV\A31G22x\Source\ARM\startup_A31G22x.s
      At line 170 in file Device\ABOV\A31G22x\Source\ARM\startup_A31G22x.s

TIMER20_IRQHandler 00000016

Symbol: TIMER20_IRQHandler
   Definitions
      At line 192 in file Device\ABOV\A31G22x\Source\ARM\startup_A31G22x.s
   Uses
      At line 88 in file Device\ABOV\A31G22x\Source\ARM\startup_A31G22x.s
      At line 161 in file Device\ABOV\A31G22x\Source\ARM\startup_A31G22x.s

TIMER21_IRQHandler 00000016

Symbol: TIMER21_IRQHandler
   Definitions
      At line 193 in file Device\ABOV\A31G22x\Source\ARM\startup_A31G22x.s
   Uses
      At line 89 in file Device\ABOV\A31G22x\Source\ARM\startup_A31G22x.s
      At line 162 in file Device\ABOV\A31G22x\Source\ARM\startup_A31G22x.s

TIMER30_IRQHandler 00000016

Symbol: TIMER30_IRQHandler
   Definitions
      At line 190 in file Device\ABOV\A31G22x\Source\ARM\startup_A31G22x.s
   Uses
      At line 86 in file Device\ABOV\A31G22x\Source\ARM\startup_A31G22x.s
      At line 159 in file Device\ABOV\A31G22x\Source\ARM\startup_A31G22x.s

UART0_IRQHandler 00000016

Symbol: UART0_IRQHandler
   Definitions
      At line 196 in file Device\ABOV\A31G22x\Source\ARM\startup_A31G22x.s
   Uses
      At line 92 in file Device\ABOV\A31G22x\Source\ARM\startup_A31G22x.s
      At line 165 in file Device\ABOV\A31G22x\Source\ARM\startup_A31G22x.s

UART1_IRQHandler 00000016

Symbol: UART1_IRQHandler
   Definitions
      At line 197 in file Device\ABOV\A31G22x\Source\ARM\startup_A31G22x.s
   Uses
      At line 93 in file Device\ABOV\A31G22x\Source\ARM\startup_A31G22x.s
      At line 166 in file Device\ABOV\A31G22x\Source\ARM\startup_A31G22x.s



ARM Macro Assembler    Page 6 Alphabetic symbol ordering
Relocatable symbols


USART10_IRQHandler 00000016

Symbol: USART10_IRQHandler
   Definitions
      At line 188 in file Device\ABOV\A31G22x\Source\ARM\startup_A31G22x.s
   Uses
      At line 84 in file Device\ABOV\A31G22x\Source\ARM\startup_A31G22x.s
      At line 157 in file Device\ABOV\A31G22x\Source\ARM\startup_A31G22x.s

USART11_IRQHandler 00000016

Symbol: USART11_IRQHandler
   Definitions
      At line 194 in file Device\ABOV\A31G22x\Source\ARM\startup_A31G22x.s
   Uses
      At line 90 in file Device\ABOV\A31G22x\Source\ARM\startup_A31G22x.s
      At line 163 in file Device\ABOV\A31G22x\Source\ARM\startup_A31G22x.s

USART12_13_SPI21_IRQHandler 00000016

Symbol: USART12_13_SPI21_IRQHandler
   Definitions
      At line 203 in file Device\ABOV\A31G22x\Source\ARM\startup_A31G22x.s
   Uses
      At line 99 in file Device\ABOV\A31G22x\Source\ARM\startup_A31G22x.s
      At line 172 in file Device\ABOV\A31G22x\Source\ARM\startup_A31G22x.s

WDT_IRQHandler 00000016

Symbol: WDT_IRQHandler
   Definitions
      At line 179 in file Device\ABOV\A31G22x\Source\ARM\startup_A31G22x.s
   Uses
      At line 75 in file Device\ABOV\A31G22x\Source\ARM\startup_A31G22x.s
      At line 148 in file Device\ABOV\A31G22x\Source\ARM\startup_A31G22x.s

WT_IRQHandler 00000016

Symbol: WT_IRQHandler
   Definitions
      At line 189 in file Device\ABOV\A31G22x\Source\ARM\startup_A31G22x.s
   Uses
      At line 85 in file Device\ABOV\A31G22x\Source\ARM\startup_A31G22x.s
      At line 158 in file Device\ABOV\A31G22x\Source\ARM\startup_A31G22x.s

__user_initial_stackheap 00000018

Symbol: __user_initial_stackheap
   Definitions
      At line 223 in file Device\ABOV\A31G22x\Source\ARM\startup_A31G22x.s
   Uses
      At line 221 in file Device\ABOV\A31G22x\Source\ARM\startup_A31G22x.s
Comment: __user_initial_stackheap used once
39 symbols



ARM Macro Assembler    Page 1 Alphabetic symbol ordering
Absolute symbols

Heap_Size 00000400

Symbol: Heap_Size
   Definitions
      At line 38 in file Device\ABOV\A31G22x\Source\ARM\startup_A31G22x.s
   Uses
      At line 42 in file Device\ABOV\A31G22x\Source\ARM\startup_A31G22x.s
      At line 226 in file Device\ABOV\A31G22x\Source\ARM\startup_A31G22x.s

Stack_Size 00000400

Symbol: Stack_Size
   Definitions
      At line 27 in file Device\ABOV\A31G22x\Source\ARM\startup_A31G22x.s
   Uses
      At line 30 in file Device\ABOV\A31G22x\Source\ARM\startup_A31G22x.s
      At line 225 in file Device\ABOV\A31G22x\Source\ARM\startup_A31G22x.s

2 symbols



ARM Macro Assembler    Page 1 Alphabetic symbol ordering
External symbols

SystemCoreClockUpdate 00000000

Symbol: SystemCoreClockUpdate
   Definitions
      At line 113 in file Device\ABOV\A31G22x\Source\ARM\startup_A31G22x.s
   Uses
      At line 116 in file Device\ABOV\A31G22x\Source\ARM\startup_A31G22x.s
Comment: SystemCoreClockUpdate used once
SystemInit 00000000

Symbol: SystemInit
   Definitions
      At line 112 in file Device\ABOV\A31G22x\Source\ARM\startup_A31G22x.s
   Uses
      At line 114 in file Device\ABOV\A31G22x\Source\ARM\startup_A31G22x.s
Comment: SystemInit used once
__main 00000000

Symbol: __main
   Definitions
      At line 111 in file Device\ABOV\A31G22x\Source\ARM\startup_A31G22x.s
   Uses
      At line 118 in file Device\ABOV\A31G22x\Source\ARM\startup_A31G22x.s
Comment: __main used once
__use_two_region_memory 00000000

Symbol: __use_two_region_memory
   Definitions
      At line 220 in file Device\ABOV\A31G22x\Source\ARM\startup_A31G22x.s
   Uses
      None
Comment: __use_two_region_memory unused
4 symbols
391 symbols in table
